# JRE version: OpenJDK Runtime Environment (8.0_202) (build 1.8.0_202-release-1483-b49-5587405)
# Java VM: OpenJDK 64-Bit Server VM (25.202-b49-5587405 mixed mode linux-amd64 compressed oops)
Heap:
 PSYoungGen      total 454656K, used 145689K [0x00000000e0000000, 0x0000000100000000, 0x0000000100000000)
  eden space 392192K, 26% used [0x00000000e0000000,0x00000000e65d1878,0x00000000f7f00000)
  from space 62464K, 66% used [0x00000000f7f00000,0x00000000fa774ca0,0x00000000fbc00000)
  to   space 65024K, 0% used [0x00000000fc080000,0x00000000fc080000,0x0000000100000000)
 ParOldGen       total 297472K, used 58690K [0x00000000a0000000, 0x00000000b2280000, 0x00000000e0000000)
  object space 297472K, 19% used [0x00000000a0000000,0x00000000a3950838,0x00000000b2280000)
 Metaspace       used 98413K, capacity 103390K, committed 103592K, reserved 1138688K
  class space    used 12454K, capacity 13396K, committed 13480K, reserved 1048576K
GC Heap History (10 events):
Event: 558.487 GC heap before
{Heap before GC invocations=23 (full 4):
 PSYoungGen      total 434176K, used 391439K [0x00000000e0000000, 0x00000000ff180000, 0x0000000100000000)
  eden space 368128K, 100% used [0x00000000e0000000,0x00000000f6780000,0x00000000f6780000)
  from space 66048K, 35% used [0x00000000fb100000,0x00000000fc7c3e30,0x00000000ff180000)
  to   space 70656K, 0% used [0x00000000f6780000,0x00000000f6780000,0x00000000fac80000)
 ParOldGen       total 297472K, used 58650K [0x00000000a0000000, 0x00000000b2280000, 0x00000000e0000000)
  object space 297472K, 19% used [0x00000000a0000000,0x00000000a3946838,0x00000000b2280000)
 Metaspace       used 96946K, capacity 101608K, committed 101672K, reserved 1138688K
  class space    used 12398K, capacity 13295K, committed 13352K, reserved 1048576K
Event: 558.506 GC heap after
Heap after GC invocations=23 (full 4):
 PSYoungGen      total 438784K, used 18741K [0x00000000e0000000, 0x00000000fff80000, 0x0000000100000000)
  eden space 368128K, 0% used [0x00000000e0000000,0x00000000e0000000,0x00000000f6780000)
  from space 70656K, 26% used [0x00000000f6780000,0x00000000f79cd658,0x00000000fac80000)
  to   space 68096K, 0% used [0x00000000fbd00000,0x00000000fbd00000,0x00000000fff80000)
 ParOldGen       total 297472K, used 58658K [0x00000000a0000000, 0x00000000b2280000, 0x00000000e0000000)
  object space 297472K, 19% used [0x00000000a0000000,0x00000000a3948838,0x00000000b2280000)
 Metaspace       used 96946K, capacity 101608K, committed 101672K, reserved 1138688K
  class space    used 12398K, capacity 13295K, committed 13352K, reserved 1048576K
}
Event: 560.262 GC heap before
{Heap before GC invocations=24 (full 4):
 PSYoungGen      total 438784K, used 386869K [0x00000000e0000000, 0x00000000fff80000, 0x0000000100000000)
  eden space 368128K, 100% used [0x00000000e0000000,0x00000000f6780000,0x00000000f6780000)
  from space 70656K, 26% used [0x00000000f6780000,0x00000000f79cd658,0x00000000fac80000)
  to   space 68096K, 0% used [0x00000000fbd00000,0x00000000fbd00000,0x00000000fff80000)
 ParOldGen       total 297472K, used 58658K [0x00000000a0000000, 0x00000000b2280000, 0x00000000e0000000)
  object space 297472K, 19% used [0x00000000a0000000,0x00000000a3948838,0x00000000b2280000)
 Metaspace       used 97259K, capacity 101966K, committed 102184K, reserved 1138688K
  class space    used 12399K, capacity 13296K, committed 13352K, reserved 1048576K
Event: 560.276 GC heap after
Heap after GC invocations=24 (full 4):
 PSYoungGen      total 448512K, used 12779K [0x00000000e0000000, 0x00000000ffa80000, 0x0000000100000000)
  eden space 385536K, 0% used [0x00000000e0000000,0x00000000e0000000,0x00000000f7880000)
  from space 62976K, 20% used [0x00000000fbd00000,0x00000000fc97afd0,0x00000000ffa80000)
  to   space 66560K, 0% used [0x00000000f7880000,0x00000000f7880000,0x00000000fb980000)
 ParOldGen       total 297472K, used 58666K [0x00000000a0000000, 0x00000000b2280000, 0x00000000e0000000)
  object space 297472K, 19% used [0x00000000a0000000,0x00000000a394a838,0x00000000b2280000)
 Metaspace       used 97259K, capacity 101966K, committed 102184K, reserved 1138688K
  class space    used 12399K, capacity 13296K, committed 13352K, reserved 1048576K
}
Event: 562.991 GC heap before
{Heap before GC invocations=25 (full 4):
 PSYoungGen      total 448512K, used 398315K [0x00000000e0000000, 0x00000000ffa80000, 0x0000000100000000)
  eden space 385536K, 100% used [0x00000000e0000000,0x00000000f7880000,0x00000000f7880000)
  from space 62976K, 20% used [0x00000000fbd00000,0x00000000fc97afd0,0x00000000ffa80000)
  to   space 66560K, 0% used [0x00000000f7880000,0x00000000f7880000,0x00000000fb980000)
 ParOldGen       total 297472K, used 58666K [0x00000000a0000000, 0x00000000b2280000, 0x00000000e0000000)
  object space 297472K, 19% used [0x00000000a0000000,0x00000000a394a838,0x00000000b2280000)
 Metaspace       used 97383K, capacity 102100K, committed 102184K, reserved 1138688K
  class space    used 12404K, capacity 13305K, committed 13352K, reserved 1048576K
Event: 563.002 GC heap after
Heap after GC invocations=25 (full 4):
 PSYoungGen      total 452096K, used 7406K [0x00000000e0000000, 0x0000000100000000, 0x0000000100000000)
  eden space 385536K, 0% used [0x00000000e0000000,0x00000000e0000000,0x00000000f7880000)
  from space 66560K, 11% used [0x00000000f7880000,0x00000000f7fbb8c0,0x00000000fb980000)
  to   space 65536K, 0% used [0x00000000fc000000,0x00000000fc000000,0x0000000100000000)
 ParOldGen       total 297472K, used 58674K [0x00000000a0000000, 0x00000000b2280000, 0x00000000e0000000)
  object space 297472K, 19% used [0x00000000a0000000,0x00000000a394c838,0x00000000b2280000)
 Metaspace       used 97383K, capacity 102100K, committed 102184K, reserved 1138688K
  class space    used 12404K, capacity 13305K, committed 13352K, reserved 1048576K
}
Event: 700.864 GC heap before
{Heap before GC invocations=26 (full 4):
 PSYoungGen      total 452096K, used 392942K [0x00000000e0000000, 0x0000000100000000, 0x0000000100000000)
  eden space 385536K, 100% used [0x00000000e0000000,0x00000000f7880000,0x00000000f7880000)
  from space 66560K, 11% used [0x00000000f7880000,0x00000000f7fbb8c0,0x00000000fb980000)
  to   space 65536K, 0% used [0x00000000fc000000,0x00000000fc000000,0x0000000100000000)
 ParOldGen       total 297472K, used 58674K [0x00000000a0000000, 0x00000000b2280000, 0x00000000e0000000)
  object space 297472K, 19% used [0x00000000a0000000,0x00000000a394c838,0x00000000b2280000)
 Metaspace       used 98087K, capacity 103084K, committed 103336K, reserved 1138688K
  class space    used 12453K, capacity 13393K, committed 13480K, reserved 1048576K
Event: 700.893 GC heap after
Heap after GC invocations=26 (full 4):
 PSYoungGen      total 450560K, used 18688K [0x00000000e0000000, 0x00000000ff900000, 0x0000000100000000)
  eden space 392192K, 0% used [0x00000000e0000000,0x00000000e0000000,0x00000000f7f00000)
  from space 58368K, 32% used [0x00000000fc000000,0x00000000fd240040,0x00000000ff900000)
  to   space 62464K, 0% used [0x00000000f7f00000,0x00000000f7f00000,0x00000000fbc00000)
 ParOldGen       total 297472K, used 58682K [0x00000000a0000000, 0x00000000b2280000, 0x00000000e0000000)
  object space 297472K, 19% used [0x00000000a0000000,0x00000000a394e838,0x00000000b2280000)
 Metaspace       used 98087K, capacity 103084K, committed 103336K, reserved 1138688K
  class space    used 12453K, capacity 13393K, committed 13480K, reserved 1048576K
}
Event: 703.007 GC heap before
{Heap before GC invocations=27 (full 4):
 PSYoungGen      total 450560K, used 410841K [0x00000000e0000000, 0x00000000ff900000, 0x0000000100000000)
  eden space 392192K, 99% used [0x00000000e0000000,0x00000000f7ef6750,0x00000000f7f00000)
  from space 58368K, 32% used [0x00000000fc000000,0x00000000fd240040,0x00000000ff900000)
  to   space 62464K, 0% used [0x00000000f7f00000,0x00000000f7f00000,0x00000000fbc00000)
 ParOldGen       total 297472K, used 58682K [0x00000000a0000000, 0x00000000b2280000, 0x00000000e0000000)
  object space 297472K, 19% used [0x00000000a0000000,0x00000000a394e838,0x00000000b2280000)
 Metaspace       used 98310K, capacity 103376K, committed 103592K, reserved 1138688K
  class space    used 12454K, capacity 13395K, committed 13480K, reserved 1048576K
Event: 703.058 GC heap after
Heap after GC invocations=27 (full 4):
 PSYoungGen      total 454656K, used 41427K [0x00000000e0000000, 0x0000000100000000, 0x0000000100000000)
  eden space 392192K, 0% used [0x00000000e0000000,0x00000000e0000000,0x00000000f7f00000)
  from space 62464K, 66% used [0x00000000f7f00000,0x00000000fa774ca0,0x00000000fbc00000)
  to   space 65024K, 0% used [0x00000000fc080000,0x00000000fc080000,0x0000000100000000)
 ParOldGen       total 297472K, used 58690K [0x00000000a0000000, 0x00000000b2280000, 0x00000000e0000000)
  object space 297472K, 19% used [0x00000000a0000000,0x00000000a3950838,0x00000000b2280000)
 Metaspace       used 98310K, capacity 103376K, committed 103592K, reserved 1138688K
  class space    used 12454K, capacity 13395K, committed 13480K, reserved 1048576K
}

