# JRE version: OpenJDK Runtime Environment (8.0_202) (build 1.8.0_202-release-1483-b49-5587405)
# Java VM: OpenJDK 64-Bit Server VM (25.202-b49-5587405 mixed mode linux-amd64 compressed oops)
Heap:
 PSYoungGen      total 227840K, used 72542K [0x00000000e0000000, 0x00000000f3680000, 0x0000000100000000)
  eden space 206848K, 24% used [0x00000000e0000000,0x00000000e325c670,0x00000000eca00000)
  from space 20992K, 99% used [0x00000000eca00000,0x00000000ede7b408,0x00000000ede80000)
  to   space 28672K, 0% used [0x00000000f1a80000,0x00000000f1a80000,0x00000000f3680000)
 ParOldGen       total 195584K, used 42850K [0x00000000a0000000, 0x00000000abf00000, 0x00000000e0000000)
  object space 195584K, 21% used [0x00000000a0000000,0x00000000a29d88f0,0x00000000abf00000)
 Metaspace       used 75588K, capacity 78392K, committed 78464K, reserved 1116160K
  class space    used 10244K, capacity 10865K, committed 10880K, reserved 1048576K
GC Heap History (10 events):
Event: 8.109 GC heap before
{Heap before GC invocations=10 (full 2):
 PSYoungGen      total 140800K, used 140790K [0x00000000e0000000, 0x00000000ec200000, 0x0000000100000000)
  eden space 126464K, 100% used [0x00000000e0000000,0x00000000e7b80000,0x00000000e7b80000)
  from space 14336K, 99% used [0x00000000e7b80000,0x00000000e897d8a8,0x00000000e8980000)
  to   space 17408K, 0% used [0x00000000eb100000,0x00000000eb100000,0x00000000ec200000)
 ParOldGen       total 149504K, used 21362K [0x00000000a0000000, 0x00000000a9200000, 0x00000000e0000000)
  object space 149504K, 14% used [0x00000000a0000000,0x00000000a14dc808,0x00000000a9200000)
 Metaspace       used 57050K, capacity 58684K, committed 58880K, reserved 1099776K
  class space    used 7768K, capacity 8185K, committed 8192K, reserved 1048576K
Event: 8.133 GC heap after
Heap after GC invocations=10 (full 2):
 PSYoungGen      total 177152K, used 17401K [0x00000000e0000000, 0x00000000ec980000, 0x0000000100000000)
  eden space 159744K, 0% used [0x00000000e0000000,0x00000000e0000000,0x00000000e9c00000)
  from space 17408K, 99% used [0x00000000eb100000,0x00000000ec1fe530,0x00000000ec200000)
  to   space 21504K, 0% used [0x00000000e9c00000,0x00000000e9c00000,0x00000000eb100000)
 ParOldGen       total 149504K, used 25537K [0x00000000a0000000, 0x00000000a9200000, 0x00000000e0000000)
  object space 149504K, 17% used [0x00000000a0000000,0x00000000a18f0640,0x00000000a9200000)
 Metaspace       used 57050K, capacity 58684K, committed 58880K, reserved 1099776K
  class space    used 7768K, capacity 8185K, committed 8192K, reserved 1048576K
}
Event: 8.216 GC heap before
{Heap before GC invocations=11 (full 2):
 PSYoungGen      total 177152K, used 23519K [0x00000000e0000000, 0x00000000ec980000, 0x0000000100000000)
  eden space 159744K, 3% used [0x00000000e0000000,0x00000000e05f97f8,0x00000000e9c00000)
  from space 17408K, 99% used [0x00000000eb100000,0x00000000ec1fe530,0x00000000ec200000)
  to   space 21504K, 0% used [0x00000000e9c00000,0x00000000e9c00000,0x00000000eb100000)
 ParOldGen       total 149504K, used 25537K [0x00000000a0000000, 0x00000000a9200000, 0x00000000e0000000)
  object space 149504K, 17% used [0x00000000a0000000,0x00000000a18f0640,0x00000000a9200000)
 Metaspace       used 57264K, capacity 58924K, committed 59096K, reserved 1099776K
  class space    used 7794K, capacity 8191K, committed 8192K, reserved 1048576K
Event: 8.232 GC heap after
Heap after GC invocations=11 (full 2):
 PSYoungGen      total 181248K, used 14333K [0x00000000e0000000, 0x00000000efd80000, 0x0000000100000000)
  eden space 159744K, 0% used [0x00000000e0000000,0x00000000e0000000,0x00000000e9c00000)
  from space 21504K, 66% used [0x00000000e9c00000,0x00000000ea9ff7c0,0x00000000eb100000)
  to   space 22016K, 0% used [0x00000000ee800000,0x00000000ee800000,0x00000000efd80000)
 ParOldGen       total 149504K, used 25545K [0x00000000a0000000, 0x00000000a9200000, 0x00000000e0000000)
  object space 149504K, 17% used [0x00000000a0000000,0x00000000a18f2640,0x00000000a9200000)
 Metaspace       used 57264K, capacity 58924K, committed 59096K, reserved 1099776K
  class space    used 7794K, capacity 8191K, committed 8192K, reserved 1048576K
}
Event: 8.232 GC heap before
{Heap before GC invocations=12 (full 3):
 PSYoungGen      total 181248K, used 14333K [0x00000000e0000000, 0x00000000efd80000, 0x0000000100000000)
  eden space 159744K, 0% used [0x00000000e0000000,0x00000000e0000000,0x00000000e9c00000)
  from space 21504K, 66% used [0x00000000e9c00000,0x00000000ea9ff7c0,0x00000000eb100000)
  to   space 22016K, 0% used [0x00000000ee800000,0x00000000ee800000,0x00000000efd80000)
 ParOldGen       total 149504K, used 25545K [0x00000000a0000000, 0x00000000a9200000, 0x00000000e0000000)
  object space 149504K, 17% used [0x00000000a0000000,0x00000000a18f2640,0x00000000a9200000)
 Metaspace       used 57264K, capacity 58924K, committed 59096K, reserved 1099776K
  class space    used 7794K, capacity 8191K, committed 8192K, reserved 1048576K
Event: 8.444 GC heap after
Heap after GC invocations=12 (full 3):
 PSYoungGen      total 181248K, used 0K [0x00000000e0000000, 0x00000000efd80000, 0x0000000100000000)
  eden space 159744K, 0% used [0x00000000e0000000,0x00000000e0000000,0x00000000e9c00000)
  from space 21504K, 0% used [0x00000000e9c00000,0x00000000e9c00000,0x00000000eb100000)
  to   space 22016K, 0% used [0x00000000ee800000,0x00000000ee800000,0x00000000efd80000)
 ParOldGen       total 195584K, used 28853K [0x00000000a0000000, 0x00000000abf00000, 0x00000000e0000000)
  object space 195584K, 14% used [0x00000000a0000000,0x00000000a1c2d6e0,0x00000000abf00000)
 Metaspace       used 57264K, capacity 58924K, committed 59096K, reserved 1099776K
  class space    used 7794K, capacity 8191K, committed 8192K, reserved 1048576K
}
Event: 11.161 GC heap before
{Heap before GC invocations=13 (full 3):
 PSYoungGen      total 181248K, used 159744K [0x00000000e0000000, 0x00000000efd80000, 0x0000000100000000)
  eden space 159744K, 100% used [0x00000000e0000000,0x00000000e9c00000,0x00000000e9c00000)
  from space 21504K, 0% used [0x00000000e9c00000,0x00000000e9c00000,0x00000000eb100000)
  to   space 22016K, 0% used [0x00000000ee800000,0x00000000ee800000,0x00000000efd80000)
 ParOldGen       total 195584K, used 28853K [0x00000000a0000000, 0x00000000abf00000, 0x00000000e0000000)
  object space 195584K, 14% used [0x00000000a0000000,0x00000000a1c2d6e0,0x00000000abf00000)
 Metaspace       used 62115K, capacity 64250K, committed 64512K, reserved 1105920K
  class space    used 8423K, capacity 8946K, committed 8960K, reserved 1048576K
Event: 11.176 GC heap after
Heap after GC invocations=13 (full 3):
 PSYoungGen      total 217088K, used 10946K [0x00000000e0000000, 0x00000000ef300000, 0x0000000100000000)
  eden space 205824K, 0% used [0x00000000e0000000,0x00000000e0000000,0x00000000ec900000)
  from space 11264K, 97% used [0x00000000ee800000,0x00000000ef2b0960,0x00000000ef300000)
  to   space 20992K, 0% used [0x00000000eca00000,0x00000000eca00000,0x00000000ede80000)
 ParOldGen       total 195584K, used 28861K [0x00000000a0000000, 0x00000000abf00000, 0x00000000e0000000)
  object space 195584K, 14% used [0x00000000a0000000,0x00000000a1c2f6e0,0x00000000abf00000)
 Metaspace       used 62115K, capacity 64250K, committed 64512K, reserved 1105920K
  class space    used 8423K, capacity 8946K, committed 8960K, reserved 1048576K
}
Event: 13.958 GC heap before
{Heap before GC invocations=14 (full 3):
 PSYoungGen      total 217088K, used 216770K [0x00000000e0000000, 0x00000000ef300000, 0x0000000100000000)
  eden space 205824K, 100% used [0x00000000e0000000,0x00000000ec900000,0x00000000ec900000)
  from space 11264K, 97% used [0x00000000ee800000,0x00000000ef2b0960,0x00000000ef300000)
  to   space 20992K, 0% used [0x00000000eca00000,0x00000000eca00000,0x00000000ede80000)
 ParOldGen       total 195584K, used 28861K [0x00000000a0000000, 0x00000000abf00000, 0x00000000e0000000)
  object space 195584K, 14% used [0x00000000a0000000,0x00000000a1c2f6e0,0x00000000abf00000)
 Metaspace       used 74636K, capacity 77390K, committed 77568K, reserved 1116160K
  class space    used 10088K, capacity 10680K, committed 10752K, reserved 1048576K
Event: 14.014 GC heap after
Heap after GC invocations=14 (full 3):
 PSYoungGen      total 227840K, used 20973K [0x00000000e0000000, 0x00000000f3680000, 0x0000000100000000)
  eden space 206848K, 0% used [0x00000000e0000000,0x00000000e0000000,0x00000000eca00000)
  from space 20992K, 99% used [0x00000000eca00000,0x00000000ede7b408,0x00000000ede80000)
  to   space 28672K, 0% used [0x00000000f1a80000,0x00000000f1a80000,0x00000000f3680000)
 ParOldGen       total 195584K, used 42850K [0x00000000a0000000, 0x00000000abf00000, 0x00000000e0000000)
  object space 195584K, 21% used [0x00000000a0000000,0x00000000a29d88f0,0x00000000abf00000)
 Metaspace       used 74636K, capacity 77390K, committed 77568K, reserved 1116160K
  class space    used 10088K, capacity 10680K, committed 10752K, reserved 1048576K
}

