# JRE version: OpenJDK Runtime Environment (8.0_202) (build 1.8.0_202-release-1483-b49-5587405)
# Java VM: OpenJDK 64-Bit Server VM (25.202-b49-5587405 mixed mode linux-amd64 compressed oops)
Heap:
 PSYoungGen      total 445952K, used 100005K [0x00000000e0000000, 0x0000000100000000, 0x0000000100000000)
  eden space 398336K, 13% used [0x00000000e0000000,0x00000000e33307b0,0x00000000f8500000)
  from space 47616K, 99% used [0x00000000fd180000,0x00000000ffff8d48,0x0000000100000000)
  to   space 62976K, 0% used [0x00000000f8500000,0x00000000f8500000,0x00000000fc280000)
 ParOldGen       total 243200K, used 83508K [0x00000000a0000000, 0x00000000aed80000, 0x00000000e0000000)
  object space 243200K, 34% used [0x00000000a0000000,0x00000000a518d190,0x00000000aed80000)
 Metaspace       used 103206K, capacity 108862K, committed 109056K, reserved 1144832K
  class space    used 12972K, capacity 13967K, committed 14080K, reserved 1048576K
GC Heap History (10 events):
Event: 3032.997 GC heap before
{Heap before GC invocations=22 (full 4):
 PSYoungGen      total 396800K, used 394467K [0x00000000e0000000, 0x00000000fc600000, 0x0000000100000000)
  eden space 367104K, 100% used [0x00000000e0000000,0x00000000f6680000,0x00000000f6680000)
  from space 29696K, 92% used [0x00000000f6680000,0x00000000f8138fb8,0x00000000f8380000)
  to   space 32256K, 0% used [0x00000000fa680000,0x00000000fa680000,0x00000000fc600000)
 ParOldGen       total 243200K, used 39850K [0x00000000a0000000, 0x00000000aed80000, 0x00000000e0000000)
  object space 243200K, 16% used [0x00000000a0000000,0x00000000a26eabc8,0x00000000aed80000)
 Metaspace       used 101266K, capacity 106410K, committed 106624K, reserved 1142784K
  class space    used 12900K, capacity 13831K, committed 13952K, reserved 1048576K
Event: 3033.055 GC heap after
Heap after GC invocations=22 (full 4):
 PSYoungGen      total 428032K, used 32231K [0x00000000e0000000, 0x00000000fc980000, 0x0000000100000000)
  eden space 395776K, 0% used [0x00000000e0000000,0x00000000e0000000,0x00000000f8280000)
  from space 32256K, 99% used [0x00000000fa680000,0x00000000fc5f9fb0,0x00000000fc600000)
  to   space 36352K, 0% used [0x00000000f8280000,0x00000000f8280000,0x00000000fa600000)
 ParOldGen       total 243200K, used 39874K [0x00000000a0000000, 0x00000000aed80000, 0x00000000e0000000)
  object space 243200K, 16% used [0x00000000a0000000,0x00000000a26f0bc8,0x00000000aed80000)
 Metaspace       used 101266K, capacity 106410K, committed 106624K, reserved 1142784K
  class space    used 12900K, capacity 13831K, committed 13952K, reserved 1048576K
}
Event: 3037.141 GC heap before
{Heap before GC invocations=23 (full 4):
 PSYoungGen      total 428032K, used 428007K [0x00000000e0000000, 0x00000000fc980000, 0x0000000100000000)
  eden space 395776K, 100% used [0x00000000e0000000,0x00000000f8280000,0x00000000f8280000)
  from space 32256K, 99% used [0x00000000fa680000,0x00000000fc5f9fb0,0x00000000fc600000)
  to   space 36352K, 0% used [0x00000000f8280000,0x00000000f8280000,0x00000000fa600000)
 ParOldGen       total 243200K, used 39874K [0x00000000a0000000, 0x00000000aed80000, 0x00000000e0000000)
  object space 243200K, 16% used [0x00000000a0000000,0x00000000a26f0bc8,0x00000000aed80000)
 Metaspace       used 102452K, capacity 107662K, committed 107904K, reserved 1142784K
  class space    used 12921K, capacity 13877K, committed 13952K, reserved 1048576K
Event: 3037.175 GC heap after
Heap after GC invocations=23 (full 4):
 PSYoungGen      total 432128K, used 25263K [0x00000000e0000000, 0x00000000ff100000, 0x0000000100000000)
  eden space 395776K, 0% used [0x00000000e0000000,0x00000000e0000000,0x00000000f8280000)
  from space 36352K, 69% used [0x00000000f8280000,0x00000000f9b2bdc8,0x00000000fa600000)
  to   space 37376K, 0% used [0x00000000fcc80000,0x00000000fcc80000,0x00000000ff100000)
 ParOldGen       total 243200K, used 39874K [0x00000000a0000000, 0x00000000aed80000, 0x00000000e0000000)
  object space 243200K, 16% used [0x00000000a0000000,0x00000000a26f0bc8,0x00000000aed80000)
 Metaspace       used 102452K, capacity 107662K, committed 107904K, reserved 1142784K
  class space    used 12921K, capacity 13877K, committed 13952K, reserved 1048576K
}
Event: 3040.119 GC heap before
{Heap before GC invocations=24 (full 4):
 PSYoungGen      total 432128K, used 421039K [0x00000000e0000000, 0x00000000ff100000, 0x0000000100000000)
  eden space 395776K, 100% used [0x00000000e0000000,0x00000000f8280000,0x00000000f8280000)
  from space 36352K, 69% used [0x00000000f8280000,0x00000000f9b2bdc8,0x00000000fa600000)
  to   space 37376K, 0% used [0x00000000fcc80000,0x00000000fcc80000,0x00000000ff100000)
 ParOldGen       total 243200K, used 39874K [0x00000000a0000000, 0x00000000aed80000, 0x00000000e0000000)
  object space 243200K, 16% used [0x00000000a0000000,0x00000000a26f0bc8,0x00000000aed80000)
 Metaspace       used 102562K, capacity 107866K, committed 108160K, reserved 1142784K
  class space    used 12921K, capacity 13877K, committed 13952K, reserved 1048576K
Event: 3040.220 GC heap after
Heap after GC invocations=24 (full 4):
 PSYoungGen      total 459776K, used 37366K [0x00000000e0000000, 0x0000000100000000, 0x0000000100000000)
  eden space 422400K, 0% used [0x00000000e0000000,0x00000000e0000000,0x00000000f9c80000)
  from space 37376K, 99% used [0x00000000fcc80000,0x00000000ff0fdaa8,0x00000000ff100000)
  to   space 49152K, 0% used [0x00000000f9c80000,0x00000000f9c80000,0x00000000fcc80000)
 ParOldGen       total 243200K, used 59139K [0x00000000a0000000, 0x00000000aed80000, 0x00000000e0000000)
  object space 243200K, 24% used [0x00000000a0000000,0x00000000a39c0f70,0x00000000aed80000)
 Metaspace       used 102562K, capacity 107866K, committed 108160K, reserved 1142784K
  class space    used 12921K, capacity 13877K, committed 13952K, reserved 1048576K
}
Event: 3144.009 GC heap before
{Heap before GC invocations=25 (full 4):
 PSYoungGen      total 459776K, used 459764K [0x00000000e0000000, 0x0000000100000000, 0x0000000100000000)
  eden space 422400K, 99% used [0x00000000e0000000,0x00000000f9c7f610,0x00000000f9c80000)
  from space 37376K, 99% used [0x00000000fcc80000,0x00000000ff0fdaa8,0x00000000ff100000)
  to   space 49152K, 0% used [0x00000000f9c80000,0x00000000f9c80000,0x00000000fcc80000)
 ParOldGen       total 243200K, used 59139K [0x00000000a0000000, 0x00000000aed80000, 0x00000000e0000000)
  object space 243200K, 24% used [0x00000000a0000000,0x00000000a39c0f70,0x00000000aed80000)
 Metaspace       used 102987K, capacity 108458K, committed 108800K, reserved 1144832K
  class space    used 12964K, capacity 13953K, committed 14080K, reserved 1048576K
Event: 3144.058 GC heap after
Heap after GC invocations=25 (full 4):
 PSYoungGen      total 471552K, used 25362K [0x00000000e0000000, 0x0000000100000000, 0x0000000100000000)
  eden space 422400K, 0% used [0x00000000e0000000,0x00000000e0000000,0x00000000f9c80000)
  from space 49152K, 51% used [0x00000000f9c80000,0x00000000fb544910,0x00000000fcc80000)
  to   space 47616K, 0% used [0x00000000fd180000,0x00000000fd180000,0x0000000100000000)
 ParOldGen       total 243200K, used 59139K [0x00000000a0000000, 0x00000000aed80000, 0x00000000e0000000)
  object space 243200K, 24% used [0x00000000a0000000,0x00000000a39c0f70,0x00000000aed80000)
 Metaspace       used 102987K, capacity 108458K, committed 108800K, reserved 1144832K
  class space    used 12964K, capacity 13953K, committed 14080K, reserved 1048576K
}
Event: 3195.394 GC heap before
{Heap before GC invocations=26 (full 4):
 PSYoungGen      total 471552K, used 447283K [0x00000000e0000000, 0x0000000100000000, 0x0000000100000000)
  eden space 422400K, 99% used [0x00000000e0000000,0x00000000f9c08448,0x00000000f9c80000)
  from space 49152K, 51% used [0x00000000f9c80000,0x00000000fb544910,0x00000000fcc80000)
  to   space 47616K, 0% used [0x00000000fd180000,0x00000000fd180000,0x0000000100000000)
 ParOldGen       total 243200K, used 59139K [0x00000000a0000000, 0x00000000aed80000, 0x00000000e0000000)
  object space 243200K, 24% used [0x00000000a0000000,0x00000000a39c0f70,0x00000000aed80000)
 Metaspace       used 103205K, capacity 108862K, committed 109056K, reserved 1144832K
  class space    used 12972K, capacity 13967K, committed 14080K, reserved 1048576K
Event: 3195.516 GC heap after
Heap after GC invocations=26 (full 4):
 PSYoungGen      total 445952K, used 47587K [0x00000000e0000000, 0x0000000100000000, 0x0000000100000000)
  eden space 398336K, 0% used [0x00000000e0000000,0x00000000e0000000,0x00000000f8500000)
  from space 47616K, 99% used [0x00000000fd180000,0x00000000ffff8d48,0x0000000100000000)
  to   space 62976K, 0% used [0x00000000f8500000,0x00000000f8500000,0x00000000fc280000)
 ParOldGen       total 243200K, used 83508K [0x00000000a0000000, 0x00000000aed80000, 0x00000000e0000000)
  object space 243200K, 34% used [0x00000000a0000000,0x00000000a518d190,0x00000000aed80000)
 Metaspace       used 103205K, capacity 108862K, committed 109056K, reserved 1144832K
  class space    used 12972K, capacity 13967K, committed 14080K, reserved 1048576K
}

