# JRE version: OpenJDK Runtime Environment (8.0_202) (build 1.8.0_202-release-1483-b49-5587405)
# Java VM: OpenJDK 64-Bit Server VM (25.202-b49-5587405 mixed mode linux-amd64 compressed oops)
Heap:
 PSYoungGen      total 238080K, used 192879K [0x00000000e0000000, 0x00000000f4100000, 0x0000000100000000)
  eden space 227328K, 80% used [0x00000000e0000000,0x00000000eb1ebd60,0x00000000ede00000)
  from space 10752K, 99% used [0x00000000ee480000,0x00000000eeef0030,0x00000000eef00000)
  to   space 50688K, 0% used [0x00000000f0f80000,0x00000000f0f80000,0x00000000f4100000)
 ParOldGen       total 196608K, used 105611K [0x00000000a0000000, 0x00000000ac000000, 0x00000000e0000000)
  object space 196608K, 53% used [0x00000000a0000000,0x00000000a6722dd8,0x00000000ac000000)
 Metaspace       used 89937K, capacity 94636K, committed 94976K, reserved 1132544K
  class space    used 11555K, capacity 12439K, committed 12544K, reserved 1048576K
GC Heap History (10 events):
Event: 1773.099 GC heap before
{Heap before GC invocations=20 (full 3):
 PSYoungGen      total 300544K, used 286287K [0x00000000e0000000, 0x00000000f5c00000, 0x0000000100000000)
  eden space 266240K, 100% used [0x00000000e0000000,0x00000000f0400000,0x00000000f0400000)
  from space 34304K, 58% used [0x00000000f3a80000,0x00000000f4e13f38,0x00000000f5c00000)
  to   space 45056K, 0% used [0x00000000f0400000,0x00000000f0400000,0x00000000f3000000)
 ParOldGen       total 196608K, used 85726K [0x00000000a0000000, 0x00000000ac000000, 0x00000000e0000000)
  object space 196608K, 43% used [0x00000000a0000000,0x00000000a53b7bc8,0x00000000ac000000)
 Metaspace       used 88179K, capacity 92038K, committed 92288K, reserved 1130496K
  class space    used 11395K, capacity 12128K, committed 12160K, reserved 1048576K
Event: 1773.151 GC heap after
Heap after GC invocations=20 (full 3):
 PSYoungGen      total 289280K, used 31103K [0x00000000e0000000, 0x00000000f5600000, 0x0000000100000000)
  eden space 258048K, 0% used [0x00000000e0000000,0x00000000e0000000,0x00000000efc00000)
  from space 31232K, 99% used [0x00000000f0400000,0x00000000f225fdb0,0x00000000f2280000)
  to   space 46080K, 0% used [0x00000000f2900000,0x00000000f2900000,0x00000000f5600000)
 ParOldGen       total 196608K, used 85734K [0x00000000a0000000, 0x00000000ac000000, 0x00000000e0000000)
  object space 196608K, 43% used [0x00000000a0000000,0x00000000a53b9bc8,0x00000000ac000000)
 Metaspace       used 88179K, capacity 92038K, committed 92288K, reserved 1130496K
  class space    used 11395K, capacity 12128K, committed 12160K, reserved 1048576K
}
Event: 1874.474 GC heap before
{Heap before GC invocations=21 (full 3):
 PSYoungGen      total 289280K, used 289151K [0x00000000e0000000, 0x00000000f5600000, 0x0000000100000000)
  eden space 258048K, 100% used [0x00000000e0000000,0x00000000efc00000,0x00000000efc00000)
  from space 31232K, 99% used [0x00000000f0400000,0x00000000f225fdb0,0x00000000f2280000)
  to   space 46080K, 0% used [0x00000000f2900000,0x00000000f2900000,0x00000000f5600000)
 ParOldGen       total 196608K, used 85734K [0x00000000a0000000, 0x00000000ac000000, 0x00000000e0000000)
  object space 196608K, 43% used [0x00000000a0000000,0x00000000a53b9bc8,0x00000000ac000000)
 Metaspace       used 88389K, capacity 92264K, committed 92544K, reserved 1130496K
  class space    used 11398K, capacity 12133K, committed 12160K, reserved 1048576K
Event: 1874.513 GC heap after
Heap after GC invocations=21 (full 3):
 PSYoungGen      total 284672K, used 21774K [0x00000000e0000000, 0x00000000f4a80000, 0x0000000100000000)
  eden space 250368K, 0% used [0x00000000e0000000,0x00000000e0000000,0x00000000ef480000)
  from space 34304K, 63% used [0x00000000f2900000,0x00000000f3e43bf0,0x00000000f4a80000)
  to   space 44032K, 0% used [0x00000000ef480000,0x00000000ef480000,0x00000000f1f80000)
 ParOldGen       total 196608K, used 85742K [0x00000000a0000000, 0x00000000ac000000, 0x00000000e0000000)
  object space 196608K, 43% used [0x00000000a0000000,0x00000000a53bbbc8,0x00000000ac000000)
 Metaspace       used 88389K, capacity 92264K, committed 92544K, reserved 1130496K
  class space    used 11398K, capacity 12133K, committed 12160K, reserved 1048576K
}
Event: 1996.825 GC heap before
{Heap before GC invocations=22 (full 3):
 PSYoungGen      total 284672K, used 272142K [0x00000000e0000000, 0x00000000f4a80000, 0x0000000100000000)
  eden space 250368K, 100% used [0x00000000e0000000,0x00000000ef480000,0x00000000ef480000)
  from space 34304K, 63% used [0x00000000f2900000,0x00000000f3e43bf0,0x00000000f4a80000)
  to   space 44032K, 0% used [0x00000000ef480000,0x00000000ef480000,0x00000000f1f80000)
 ParOldGen       total 196608K, used 85742K [0x00000000a0000000, 0x00000000ac000000, 0x00000000e0000000)
  object space 196608K, 43% used [0x00000000a0000000,0x00000000a53bbbc8,0x00000000ac000000)
 Metaspace       used 88718K, capacity 92822K, committed 92928K, reserved 1130496K
  class space    used 11431K, capacity 12194K, committed 12288K, reserved 1048576K
Event: 1996.861 GC heap after
Heap after GC invocations=22 (full 3):
 PSYoungGen      total 260608K, used 17629K [0x00000000e0000000, 0x00000000f4000000, 0x0000000100000000)
  eden space 242688K, 0% used [0x00000000e0000000,0x00000000e0000000,0x00000000eed00000)
  from space 17920K, 98% used [0x00000000ef480000,0x00000000f05b7740,0x00000000f0600000)
  to   space 42496K, 0% used [0x00000000f1680000,0x00000000f1680000,0x00000000f4000000)
 ParOldGen       total 196608K, used 85750K [0x00000000a0000000, 0x00000000ac000000, 0x00000000e0000000)
  object space 196608K, 43% used [0x00000000a0000000,0x00000000a53bdbc8,0x00000000ac000000)
 Metaspace       used 88718K, capacity 92822K, committed 92928K, reserved 1130496K
  class space    used 11431K, capacity 12194K, committed 12288K, reserved 1048576K
}
Event: 2213.145 GC heap before
{Heap before GC invocations=23 (full 3):
 PSYoungGen      total 260608K, used 260317K [0x00000000e0000000, 0x00000000f4000000, 0x0000000100000000)
  eden space 242688K, 100% used [0x00000000e0000000,0x00000000eed00000,0x00000000eed00000)
  from space 17920K, 98% used [0x00000000ef480000,0x00000000f05b7740,0x00000000f0600000)
  to   space 42496K, 0% used [0x00000000f1680000,0x00000000f1680000,0x00000000f4000000)
 ParOldGen       total 196608K, used 85750K [0x00000000a0000000, 0x00000000ac000000, 0x00000000e0000000)
  object space 196608K, 43% used [0x00000000a0000000,0x00000000a53bdbc8,0x00000000ac000000)
 Metaspace       used 89418K, capacity 94026K, committed 94336K, reserved 1130496K
  class space    used 11515K, capacity 12350K, committed 12416K, reserved 1048576K
Event: 2213.230 GC heap after
Heap after GC invocations=23 (full 3):
 PSYoungGen      total 276480K, used 42470K [0x00000000e0000000, 0x00000000f4a00000, 0x0000000100000000)
  eden space 233984K, 0% used [0x00000000e0000000,0x00000000e0000000,0x00000000ee480000)
  from space 42496K, 99% used [0x00000000f1680000,0x00000000f3ff98e8,0x00000000f4000000)
  to   space 51200K, 0% used [0x00000000ee480000,0x00000000ee480000,0x00000000f1680000)
 ParOldGen       total 196608K, used 93538K [0x00000000a0000000, 0x00000000ac000000, 0x00000000e0000000)
  object space 196608K, 47% used [0x00000000a0000000,0x00000000a5b589c8,0x00000000ac000000)
 Metaspace       used 89418K, capacity 94026K, committed 94336K, reserved 1130496K
  class space    used 11515K, capacity 12350K, committed 12416K, reserved 1048576K
}
Event: 2317.890 GC heap before
{Heap before GC invocations=24 (full 3):
 PSYoungGen      total 276480K, used 276454K [0x00000000e0000000, 0x00000000f4a00000, 0x0000000100000000)
  eden space 233984K, 100% used [0x00000000e0000000,0x00000000ee480000,0x00000000ee480000)
  from space 42496K, 99% used [0x00000000f1680000,0x00000000f3ff98e8,0x00000000f4000000)
  to   space 51200K, 0% used [0x00000000ee480000,0x00000000ee480000,0x00000000f1680000)
 ParOldGen       total 196608K, used 93538K [0x00000000a0000000, 0x00000000ac000000, 0x00000000e0000000)
  object space 196608K, 47% used [0x00000000a0000000,0x00000000a5b589c8,0x00000000ac000000)
 Metaspace       used 89531K, capacity 94236K, committed 94336K, reserved 1130496K
  class space    used 11518K, capacity 12353K, committed 12416K, reserved 1048576K
Event: 2317.925 GC heap after
Heap after GC invocations=24 (full 3):
 PSYoungGen      total 238080K, used 10688K [0x00000000e0000000, 0x00000000f4100000, 0x0000000100000000)
  eden space 227328K, 0% used [0x00000000e0000000,0x00000000e0000000,0x00000000ede00000)
  from space 10752K, 99% used [0x00000000ee480000,0x00000000eeef0030,0x00000000eef00000)
  to   space 50688K, 0% used [0x00000000f0f80000,0x00000000f0f80000,0x00000000f4100000)
 ParOldGen       total 196608K, used 105611K [0x00000000a0000000, 0x00000000ac000000, 0x00000000e0000000)
  object space 196608K, 53% used [0x00000000a0000000,0x00000000a6722dd8,0x00000000ac000000)
 Metaspace       used 89531K, capacity 94236K, committed 94336K, reserved 1130496K
  class space    used 11518K, capacity 12353K, committed 12416K, reserved 1048576K
}

