# JRE version: OpenJDK Runtime Environment (8.0_202) (build 1.8.0_202-release-1483-b49-5587405)
# Java VM: OpenJDK 64-Bit Server VM (25.202-b49-5587405 mixed mode linux-amd64 compressed oops)
Heap:
 PSYoungGen      total 277504K, used 161681K [0x00000000e0000000, 0x00000000f7800000, 0x0000000100000000)
  eden space 234496K, 50% used [0x00000000e0000000,0x00000000e73e5c58,0x00000000ee500000)
  from space 43008K, 99% used [0x00000000ee500000,0x00000000f0efe910,0x00000000f0f00000)
  to   space 55808K, 0% used [0x00000000f4180000,0x00000000f4180000,0x00000000f7800000)
 ParOldGen       total 195584K, used 90429K [0x00000000a0000000, 0x00000000abf00000, 0x00000000e0000000)
  object space 195584K, 46% used [0x00000000a0000000,0x00000000a584f720,0x00000000abf00000)
 Metaspace       used 87781K, capacity 91934K, committed 92032K, reserved 1128448K
  class space    used 11604K, capacity 12406K, committed 12416K, reserved 1048576K
GC Heap History (10 events):
Event: 12.620 GC heap before
{Heap before GC invocations=12 (full 3):
 PSYoungGen      total 211456K, used 193024K [0x00000000e0000000, 0x00000000eea00000, 0x0000000100000000)
  eden space 193024K, 100% used [0x00000000e0000000,0x00000000ebc80000,0x00000000ebc80000)
  from space 18432K, 0% used [0x00000000ed200000,0x00000000ed200000,0x00000000ee400000)
  to   space 22016K, 0% used [0x00000000ebc80000,0x00000000ebc80000,0x00000000ed200000)
 ParOldGen       total 195584K, used 35130K [0x00000000a0000000, 0x00000000abf00000, 0x00000000e0000000)
  object space 195584K, 17% used [0x00000000a0000000,0x00000000a224ebd0,0x00000000abf00000)
 Metaspace       used 62317K, capacity 64410K, committed 64512K, reserved 1105920K
  class space    used 8435K, capacity 8954K, committed 8960K, reserved 1048576K
Event: 12.643 GC heap after
Heap after GC invocations=12 (full 3):
 PSYoungGen      total 215040K, used 12810K [0x00000000e0000000, 0x00000000f0580000, 0x0000000100000000)
  eden space 193024K, 0% used [0x00000000e0000000,0x00000000e0000000,0x00000000ebc80000)
  from space 22016K, 58% used [0x00000000ebc80000,0x00000000ec902810,0x00000000ed200000)
  to   space 21504K, 0% used [0x00000000ef080000,0x00000000ef080000,0x00000000f0580000)
 ParOldGen       total 195584K, used 35138K [0x00000000a0000000, 0x00000000abf00000, 0x00000000e0000000)
  object space 195584K, 17% used [0x00000000a0000000,0x00000000a2250bd0,0x00000000abf00000)
 Metaspace       used 62317K, capacity 64410K, committed 64512K, reserved 1105920K
  class space    used 8435K, capacity 8954K, committed 8960K, reserved 1048576K
}
Event: 15.119 GC heap before
{Heap before GC invocations=13 (full 3):
 PSYoungGen      total 215040K, used 205834K [0x00000000e0000000, 0x00000000f0580000, 0x0000000100000000)
  eden space 193024K, 100% used [0x00000000e0000000,0x00000000ebc80000,0x00000000ebc80000)
  from space 22016K, 58% used [0x00000000ebc80000,0x00000000ec902810,0x00000000ed200000)
  to   space 21504K, 0% used [0x00000000ef080000,0x00000000ef080000,0x00000000f0580000)
 ParOldGen       total 195584K, used 35138K [0x00000000a0000000, 0x00000000abf00000, 0x00000000e0000000)
  object space 195584K, 17% used [0x00000000a0000000,0x00000000a2250bd0,0x00000000abf00000)
 Metaspace       used 67370K, capacity 69778K, committed 70016K, reserved 1110016K
  class space    used 9199K, capacity 9766K, committed 9856K, reserved 1048576K
Event: 15.190 GC heap after
Heap after GC invocations=13 (full 3):
 PSYoungGen      total 229376K, used 21501K [0x00000000e0000000, 0x00000000f2c00000, 0x0000000100000000)
  eden space 207872K, 0% used [0x00000000e0000000,0x00000000e0000000,0x00000000ecb00000)
  from space 21504K, 99% used [0x00000000ef080000,0x00000000f057f730,0x00000000f0580000)
  to   space 38400K, 0% used [0x00000000ecb00000,0x00000000ecb00000,0x00000000ef080000)
 ParOldGen       total 195584K, used 73307K [0x00000000a0000000, 0x00000000abf00000, 0x00000000e0000000)
  object space 195584K, 37% used [0x00000000a0000000,0x00000000a4796f00,0x00000000abf00000)
 Metaspace       used 67370K, capacity 69778K, committed 70016K, reserved 1110016K
  class space    used 9199K, capacity 9766K, committed 9856K, reserved 1048576K
}
Event: 738.989 GC heap before
{Heap before GC invocations=14 (full 3):
 PSYoungGen      total 229376K, used 229373K [0x00000000e0000000, 0x00000000f2c00000, 0x0000000100000000)
  eden space 207872K, 100% used [0x00000000e0000000,0x00000000ecb00000,0x00000000ecb00000)
  from space 21504K, 99% used [0x00000000ef080000,0x00000000f057f730,0x00000000f0580000)
  to   space 38400K, 0% used [0x00000000ecb00000,0x00000000ecb00000,0x00000000ef080000)
 ParOldGen       total 195584K, used 73307K [0x00000000a0000000, 0x00000000abf00000, 0x00000000e0000000)
  object space 195584K, 37% used [0x00000000a0000000,0x00000000a4796f00,0x00000000abf00000)
 Metaspace       used 76929K, capacity 80378K, committed 80512K, reserved 1118208K
  class space    used 10371K, capacity 11076K, committed 11136K, reserved 1048576K
Event: 739.055 GC heap after
Heap after GC invocations=14 (full 3):
 PSYoungGen      total 246272K, used 30928K [0x00000000e0000000, 0x00000000f3c00000, 0x0000000100000000)
  eden space 207872K, 0% used [0x00000000e0000000,0x00000000e0000000,0x00000000ecb00000)
  from space 38400K, 80% used [0x00000000ecb00000,0x00000000ee934170,0x00000000ef080000)
  to   space 41472K, 0% used [0x00000000f1380000,0x00000000f1380000,0x00000000f3c00000)
 ParOldGen       total 195584K, used 73315K [0x00000000a0000000, 0x00000000abf00000, 0x00000000e0000000)
  object space 195584K, 37% used [0x00000000a0000000,0x00000000a4798f00,0x00000000abf00000)
 Metaspace       used 76929K, capacity 80378K, committed 80512K, reserved 1118208K
  class space    used 10371K, capacity 11076K, committed 11136K, reserved 1048576K
}
Event: 888.326 GC heap before
{Heap before GC invocations=15 (full 3):
 PSYoungGen      total 246272K, used 238800K [0x00000000e0000000, 0x00000000f3c00000, 0x0000000100000000)
  eden space 207872K, 100% used [0x00000000e0000000,0x00000000ecb00000,0x00000000ecb00000)
  from space 38400K, 80% used [0x00000000ecb00000,0x00000000ee934170,0x00000000ef080000)
  to   space 41472K, 0% used [0x00000000f1380000,0x00000000f1380000,0x00000000f3c00000)
 ParOldGen       total 195584K, used 73315K [0x00000000a0000000, 0x00000000abf00000, 0x00000000e0000000)
  object space 195584K, 37% used [0x00000000a0000000,0x00000000a4798f00,0x00000000abf00000)
 Metaspace       used 79238K, capacity 82978K, committed 83072K, reserved 1120256K
  class space    used 10590K, capacity 11322K, committed 11392K, reserved 1048576K
Event: 888.401 GC heap after
Heap after GC invocations=15 (full 3):
 PSYoungGen      total 272896K, used 28859K [0x00000000e0000000, 0x00000000f3900000, 0x0000000100000000)
  eden space 234496K, 0% used [0x00000000e0000000,0x00000000e0000000,0x00000000ee500000)
  from space 38400K, 75% used [0x00000000f1380000,0x00000000f2faeea8,0x00000000f3900000)
  to   space 43008K, 0% used [0x00000000ee500000,0x00000000ee500000,0x00000000f0f00000)
 ParOldGen       total 195584K, used 73315K [0x00000000a0000000, 0x00000000abf00000, 0x00000000e0000000)
  object space 195584K, 37% used [0x00000000a0000000,0x00000000a4798f00,0x00000000abf00000)
 Metaspace       used 79238K, capacity 82978K, committed 83072K, reserved 1120256K
  class space    used 10590K, capacity 11322K, committed 11392K, reserved 1048576K
}
Event: 892.317 GC heap before
{Heap before GC invocations=16 (full 3):
 PSYoungGen      total 272896K, used 263355K [0x00000000e0000000, 0x00000000f3900000, 0x0000000100000000)
  eden space 234496K, 100% used [0x00000000e0000000,0x00000000ee500000,0x00000000ee500000)
  from space 38400K, 75% used [0x00000000f1380000,0x00000000f2faeea8,0x00000000f3900000)
  to   space 43008K, 0% used [0x00000000ee500000,0x00000000ee500000,0x00000000f0f00000)
 ParOldGen       total 195584K, used 73315K [0x00000000a0000000, 0x00000000abf00000, 0x00000000e0000000)
  object space 195584K, 37% used [0x00000000a0000000,0x00000000a4798f00,0x00000000abf00000)
 Metaspace       used 87739K, capacity 91930K, committed 92032K, reserved 1128448K
  class space    used 11604K, capacity 12406K, committed 12416K, reserved 1048576K
Event: 892.426 GC heap after
Heap after GC invocations=16 (full 3):
 PSYoungGen      total 277504K, used 43002K [0x00000000e0000000, 0x00000000f7800000, 0x0000000100000000)
  eden space 234496K, 0% used [0x00000000e0000000,0x00000000e0000000,0x00000000ee500000)
  from space 43008K, 99% used [0x00000000ee500000,0x00000000f0efe910,0x00000000f0f00000)
  to   space 55808K, 0% used [0x00000000f4180000,0x00000000f4180000,0x00000000f7800000)
 ParOldGen       total 195584K, used 90429K [0x00000000a0000000, 0x00000000abf00000, 0x00000000e0000000)
  object space 195584K, 46% used [0x00000000a0000000,0x00000000a584f720,0x00000000abf00000)
 Metaspace       used 87739K, capacity 91930K, committed 92032K, reserved 1128448K
  class space    used 11604K, capacity 12406K, committed 12416K, reserved 1048576K
}

